  [1m[35m (0.2ms)[0m  [1m[35mCREATE TABLE "schema_migrations" ("version" varchar NOT NULL PRIMARY KEY)[0m
  [1m[35m (0.0ms)[0m  [1m[35mCREATE TABLE "ar_internal_metadata" ("key" varchar NOT NULL PRIMARY KEY, "value" varchar, "created_at" datetime(6) NOT NULL, "updated_at" datetime(6) NOT NULL)[0m
  [1m[36mActiveRecord::InternalMetadata Load (0.0ms)[0m  [1m[34mSELECT * FROM "ar_internal_metadata" WHERE "ar_internal_metadata"."key" = ? ORDER BY "ar_internal_metadata"."key" ASC LIMIT 1[0m  [[nil, "environment"]]
  [1m[36mActiveRecord::InternalMetadata Create (0.0ms)[0m  [1m[32mINSERT INTO "ar_internal_metadata" ("key", "value", "created_at", "updated_at") VALUES ('environment', 'development', '2026-03-10 20:25:59.588730', '2026-03-10 20:25:59.588731') RETURNING "key"[0m
  [1m[36mActiveRecord::SchemaMigration Load (0.0ms)[0m  [1m[34mSELECT "schema_migrations"."version" FROM "schema_migrations" ORDER BY "schema_migrations"."version" ASC[0m
Migrating to CreateUsers (20240101000001)
  [1m[36mTRANSACTION (0.0ms)[0m  [1m[36mbegin transaction[0m
  [1m[35m (0.1ms)[0m  [1m[35mCREATE TABLE "users" ("id" integer PRIMARY KEY AUTOINCREMENT NOT NULL, "name" varchar NOT NULL, "email" varchar NOT NULL, "password_digest" varchar NOT NULL, "created_at" datetime(6) NOT NULL, "updated_at" datetime(6) NOT NULL)[0m
  [1m[35m (0.0ms)[0m  [1m[35mCREATE UNIQUE INDEX "index_users_on_email" ON "users" ("email")[0m
  [1m[36mActiveRecord::SchemaMigration Create (0.0ms)[0m  [1m[32mINSERT INTO "schema_migrations" ("version") VALUES ('20240101000001') RETURNING "version"[0m
  [1m[36mTRANSACTION (0.0ms)[0m  [1m[36mcommit transaction[0m
Migrating to CreatePosts (20240101000002)
  [1m[36mTRANSACTION (0.0ms)[0m  [1m[36mbegin transaction[0m
  [1m[35m (0.1ms)[0m  [1m[35mCREATE TABLE "posts" ("id" integer PRIMARY KEY AUTOINCREMENT NOT NULL, "title" varchar NOT NULL, "body" text NOT NULL, "status" varchar DEFAULT 'draft' NOT NULL, "user_id" integer NOT NULL, "created_at" datetime(6) NOT NULL, "updated_at" datetime(6) NOT NULL, CONSTRAINT "fk_rails_5b5ddfd518"
FOREIGN KEY ("user_id")
  REFERENCES "users" ("id")
)[0m
  [1m[35m (0.0ms)[0m  [1m[35mCREATE INDEX "index_posts_on_user_id" ON "posts" ("user_id")[0m
  [1m[35m (0.0ms)[0m  [1m[35mCREATE INDEX "index_posts_on_status" ON "posts" ("status")[0m
  [1m[36mActiveRecord::SchemaMigration Create (0.0ms)[0m  [1m[32mINSERT INTO "schema_migrations" ("version") VALUES ('20240101000002') RETURNING "version"[0m
  [1m[36mTRANSACTION (0.0ms)[0m  [1m[36mcommit transaction[0m
Migrating to CreateComments (20240101000003)
  [1m[36mTRANSACTION (0.0ms)[0m  [1m[36mbegin transaction[0m
  [1m[35m (0.1ms)[0m  [1m[35mCREATE TABLE "comments" ("id" integer PRIMARY KEY AUTOINCREMENT NOT NULL, "body" text NOT NULL, "post_id" integer NOT NULL, "user_id" integer NOT NULL, "created_at" datetime(6) NOT NULL, "updated_at" datetime(6) NOT NULL, CONSTRAINT "fk_rails_2fd19c0db7"
FOREIGN KEY ("post_id")
  REFERENCES "posts" ("id")
, CONSTRAINT "fk_rails_03de2dc08c"
FOREIGN KEY ("user_id")
  REFERENCES "users" ("id")
)[0m
  [1m[35m (0.0ms)[0m  [1m[35mCREATE INDEX "index_comments_on_post_id" ON "comments" ("post_id")[0m
  [1m[35m (0.0ms)[0m  [1m[35mCREATE INDEX "index_comments_on_user_id" ON "comments" ("user_id")[0m
  [1m[36mActiveRecord::SchemaMigration Create (0.0ms)[0m  [1m[32mINSERT INTO "schema_migrations" ("version") VALUES ('20240101000003') RETURNING "version"[0m
  [1m[36mTRANSACTION (0.0ms)[0m  [1m[36mcommit transaction[0m
  [1m[36mActiveRecord::SchemaMigration Load (0.0ms)[0m  [1m[34mSELECT "schema_migrations"."version" FROM "schema_migrations" ORDER BY "schema_migrations"."version" ASC[0m
  [1m[36mActiveRecord::SchemaMigration Load (0.0ms)[0m  [1m[34mSELECT "schema_migrations"."version" FROM "schema_migrations" ORDER BY "schema_migrations"."version" ASC[0m
  [1m[36mComment Load (0.0ms)[0m  [1m[34mSELECT "comments".* FROM "comments"[0m
  [1m[36mPost Load (0.0ms)[0m  [1m[34mSELECT "posts".* FROM "posts"[0m
  [1m[36mUser Load (0.0ms)[0m  [1m[34mSELECT "users".* FROM "users"[0m
  [1m[36mTRANSACTION (0.0ms)[0m  [1m[36mbegin transaction[0m
  [1m[36mUser Exists? (0.1ms)[0m  [1m[34mSELECT 1 AS one FROM "users" WHERE LOWER("users"."email") = LOWER(?) LIMIT ?[0m  [["email", "alice@example.com"], ["LIMIT", 1]]
  [1m[36mUser Create (0.0ms)[0m  [1m[32mINSERT INTO "users" ("name", "email", "password_digest", "created_at", "updated_at") VALUES (?, ?, ?, ?, ?) RETURNING "id"[0m  [["name", "Alice"], ["email", "alice@example.com"], ["password_digest", "$2a$12$fiDnPx0/ttNnO.kv/4a64Osmotj3SHCgK4268vtYiHSk87pnFmdey"], ["created_at", "2026-03-10 20:25:59.774741"], ["updated_at", "2026-03-10 20:25:59.774741"]]
  [1m[36mTRANSACTION (0.0ms)[0m  [1m[36mcommit transaction[0m
  [1m[36mTRANSACTION (0.0ms)[0m  [1m[36mbegin transaction[0m
  [1m[36mUser Exists? (0.1ms)[0m  [1m[34mSELECT 1 AS one FROM "users" WHERE LOWER("users"."email") = LOWER(?) LIMIT ?[0m  [["email", "bob@example.com"], ["LIMIT", 1]]
  [1m[36mUser Create (0.0ms)[0m  [1m[32mINSERT INTO "users" ("name", "email", "password_digest", "created_at", "updated_at") VALUES (?, ?, ?, ?, ?) RETURNING "id"[0m  [["name", "Bob"], ["email", "bob@example.com"], ["password_digest", "$2a$12$duzOydSoHYSFMAAsxdZOq.Bn1jIvm92Dsb03cBBcMwSQw1SfCiXmK"], ["created_at", "2026-03-10 20:25:59.940730"], ["updated_at", "2026-03-10 20:25:59.940730"]]
  [1m[36mTRANSACTION (0.0ms)[0m  [1m[36mcommit transaction[0m
  [1m[36mTRANSACTION (0.0ms)[0m  [1m[36mbegin transaction[0m
  [1m[36mPost Create (0.1ms)[0m  [1m[32mINSERT INTO "posts" ("title", "body", "status", "user_id", "created_at", "updated_at") VALUES (?, ?, ?, ?, ?, ?) RETURNING "id"[0m  [["title", "Getting Started with Rails"], ["body", "Rails makes building web apps fast and fun. Here is how to get started..."], ["status", "published"], ["user_id", 1], ["created_at", "2026-03-10 20:25:59.950118"], ["updated_at", "2026-03-10 20:25:59.950118"]]
  [1m[36mTRANSACTION (0.0ms)[0m  [1m[36mcommit transaction[0m
  [1m[36mTRANSACTION (0.0ms)[0m  [1m[36mbegin transaction[0m
  [1m[36mPost Create (0.0ms)[0m  [1m[32mINSERT INTO "posts" ("title", "body", "status", "user_id", "created_at", "updated_at") VALUES (?, ?, ?, ?, ?, ?) RETURNING "id"[0m  [["title", "Draft Post"], ["body", "This is a work in progress."], ["status", "draft"], ["user_id", 1], ["created_at", "2026-03-10 20:25:59.950477"], ["updated_at", "2026-03-10 20:25:59.950477"]]
  [1m[36mTRANSACTION (0.0ms)[0m  [1m[36mcommit transaction[0m
  [1m[36mTRANSACTION (0.0ms)[0m  [1m[36mbegin transaction[0m
  [1m[36mPost Create (0.0ms)[0m  [1m[32mINSERT INTO "posts" ("title", "body", "status", "user_id", "created_at", "updated_at") VALUES (?, ?, ?, ?, ?, ?) RETURNING "id"[0m  [["title", "Bob's Guide to ActiveRecord"], ["body", "ActiveRecord is the ORM layer in Rails. Here is everything you need to know..."], ["status", "published"], ["user_id", 2], ["created_at", "2026-03-10 20:25:59.950763"], ["updated_at", "2026-03-10 20:25:59.950763"]]
  [1m[36mTRANSACTION (0.0ms)[0m  [1m[36mcommit transaction[0m
  [1m[36mTRANSACTION (0.0ms)[0m  [1m[36mbegin transaction[0m
  [1m[36mPost Create (0.0ms)[0m  [1m[32mINSERT INTO "posts" ("title", "body", "status", "user_id", "created_at", "updated_at") VALUES (?, ?, ?, ?, ?, ?) RETURNING "id"[0m  [["title", "Background Jobs Explained"], ["body", "Sidekiq processes jobs asynchronously so your HTTP requests stay fast..."], ["status", "published"], ["user_id", 2], ["created_at", "2026-03-10 20:25:59.950997"], ["updated_at", "2026-03-10 20:25:59.950997"]]
  [1m[36mTRANSACTION (0.0ms)[0m  [1m[36mcommit transaction[0m
  [1m[36mTRANSACTION (0.0ms)[0m  [1m[36mbegin transaction[0m
  [1m[36mUser Load (0.1ms)[0m  [1m[34mSELECT "users".* FROM "users" WHERE "users"."id" = ? LIMIT ?[0m  [["id", 2], ["LIMIT", 1]]
  [1m[36mComment Create (0.0ms)[0m  [1m[32mINSERT INTO "comments" ("body", "post_id", "user_id", "created_at", "updated_at") VALUES (?, ?, ?, ?, ?) RETURNING "id"[0m  [["body", "Great introduction!"], ["post_id", 1], ["user_id", 2], ["created_at", "2026-03-10 20:25:59.954859"], ["updated_at", "2026-03-10 20:25:59.954859"]]
  [1m[36mTRANSACTION (0.0ms)[0m  [1m[36mcommit transaction[0m
  [1m[36mTRANSACTION (0.0ms)[0m  [1m[36mbegin transaction[0m
  [1m[36mUser Load (0.0ms)[0m  [1m[34mSELECT "users".* FROM "users" WHERE "users"."id" = ? LIMIT ?[0m  [["id", 2], ["LIMIT", 1]]
  [1m[36mComment Create (0.0ms)[0m  [1m[32mINSERT INTO "comments" ("body", "post_id", "user_id", "created_at", "updated_at") VALUES (?, ?, ?, ?, ?) RETURNING "id"[0m  [["body", "This helped me a lot, thanks."], ["post_id", 1], ["user_id", 2], ["created_at", "2026-03-10 20:25:59.955242"], ["updated_at", "2026-03-10 20:25:59.955242"]]
  [1m[36mTRANSACTION (0.0ms)[0m  [1m[36mcommit transaction[0m
  [1m[36mTRANSACTION (0.0ms)[0m  [1m[36mbegin transaction[0m
  [1m[36mUser Load (0.0ms)[0m  [1m[34mSELECT "users".* FROM "users" WHERE "users"."id" = ? LIMIT ?[0m  [["id", 1], ["LIMIT", 1]]
  [1m[36mComment Create (0.0ms)[0m  [1m[32mINSERT INTO "comments" ("body", "post_id", "user_id", "created_at", "updated_at") VALUES (?, ?, ?, ?, ?) RETURNING "id"[0m  [["body", "Really clear explanation of includes vs joins."], ["post_id", 3], ["user_id", 1], ["created_at", "2026-03-10 20:25:59.955574"], ["updated_at", "2026-03-10 20:25:59.955574"]]
  [1m[36mTRANSACTION (0.0ms)[0m  [1m[36mcommit transaction[0m
  [1m[36mTRANSACTION (0.0ms)[0m  [1m[36mbegin transaction[0m
  [1m[36mUser Load (0.0ms)[0m  [1m[34mSELECT "users".* FROM "users" WHERE "users"."id" = ? LIMIT ?[0m  [["id", 1], ["LIMIT", 1]]
  [1m[36mComment Create (0.0ms)[0m  [1m[32mINSERT INTO "comments" ("body", "post_id", "user_id", "created_at", "updated_at") VALUES (?, ?, ?, ?, ?) RETURNING "id"[0m  [["body", "Sidekiq is so much better than DelayedJob!"], ["post_id", 4], ["user_id", 1], ["created_at", "2026-03-10 20:25:59.955898"], ["updated_at", "2026-03-10 20:25:59.955898"]]
  [1m[36mTRANSACTION (0.0ms)[0m  [1m[36mcommit transaction[0m
  [1m[36mUser Count (0.0ms)[0m  [1m[34mSELECT COUNT(*) FROM "users"[0m
  [1m[36mPost Count (0.0ms)[0m  [1m[34mSELECT COUNT(*) FROM "posts"[0m
  [1m[36mComment Count (0.0ms)[0m  [1m[34mSELECT COUNT(*) FROM "comments"[0m
  [1m[36mActiveRecord::InternalMetadata Load (0.0ms)[0m  [1m[34mSELECT * FROM "ar_internal_metadata" WHERE "ar_internal_metadata"."key" = ? ORDER BY "ar_internal_metadata"."key" ASC LIMIT 1[0m  [[nil, "environment"]]
  [1m[36mActiveRecord::SchemaMigration Load (0.0ms)[0m  [1m[34mSELECT "schema_migrations"."version" FROM "schema_migrations" ORDER BY "schema_migrations"."version" ASC[0m
  [1m[36mActiveRecord::SchemaMigration Load (0.0ms)[0m  [1m[34mSELECT "schema_migrations"."version" FROM "schema_migrations" ORDER BY "schema_migrations"."version" ASC[0m
Started GET "/" for 127.0.0.1 at 2026-03-10 18:42:25 -0700
Processing by Rails::WelcomeController#index as HTML
  Rendering /Users/snesjhon/.rbenv/versions/3.3.6/lib/ruby/gems/3.3.0/gems/railties-7.1.6/lib/rails/templates/rails/welcome/index.html.erb
  Rendered /Users/snesjhon/.rbenv/versions/3.3.6/lib/ruby/gems/3.3.0/gems/railties-7.1.6/lib/rails/templates/rails/welcome/index.html.erb (Duration: 0.2ms | Allocations: 349)
Completed 200 OK in 5ms (Views: 1.5ms | ActiveRecord: 0.0ms | Allocations: 6345)


  [1m[36mPost Load (0.1ms)[0m  [1m[34mSELECT "posts".* FROM "posts" LEFT OUTER JOIN "comments" ON "comments"."post_id" = "posts"."id" /* loading for pp */ LIMIT ?[0m  [["LIMIT", 11]]
  [1m[36mPost Load (0.2ms)[0m  [1m[34mSELECT "posts".* FROM "posts" LEFT OUTER JOIN "comments" ON "comments"."post_id" = "posts"."id" ORDER BY "posts"."id" ASC LIMIT ?[0m  [["LIMIT", 1]]
  [1m[36mPost Load (0.3ms)[0m  [1m[34mSELECT "posts".* FROM "posts" LEFT OUTER JOIN "comments" ON "comments"."post_id" = "posts"."id" GROUP BY "posts"."id" /* loading for pp */ LIMIT ?[0m  [["LIMIT", 11]]
  [1m[36mPost Load (0.1ms)[0m  [1m[34mSELECT "posts".* FROM "posts" INNER JOIN "comments" ON "comments"."post_id" = "posts"."id" GROUP BY "post"."id" /* loading for pp */ LIMIT ?[0m  [["LIMIT", 11]]
  [1m[36mPost Load (0.3ms)[0m  [1m[34mSELECT "posts".* FROM "posts" INNER JOIN "comments" ON "comments"."post_id" = "posts"."id" /* loading for pp */ LIMIT ?[0m  [["LIMIT", 11]]
  [1m[36mPost Load (0.3ms)[0m  [1m[34mSELECT "posts".* FROM "posts" LEFT OUTER JOIN "comments" ON "comments"."post_id" = "posts"."id" GROUP BY "post"."id" /* loading for pp */ LIMIT ?[0m  [["LIMIT", 11]]
  [1m[36mPost Load (0.3ms)[0m  [1m[34mSELECT "posts".* FROM "posts" LEFT OUTER JOIN "comments" ON "comments"."post_id" = "posts"."id" /* loading for pp */ LIMIT ?[0m  [["LIMIT", 11]]
  [1m[36mPost Load (0.2ms)[0m  [1m[34mSELECT "posts".* FROM "posts" LEFT OUTER JOIN "comments" ON "comments"."post_id" = "posts"."id" ORDER BY "posts"."id" ASC LIMIT ?[0m  [["LIMIT", 1]]
  [1m[36mPost Load (0.1ms)[0m  [1m[34mSELECT "posts".* FROM "posts" LEFT OUTER JOIN "comments" ON "comments"."post_id" = "posts"."id" ORDER BY "posts"."id" ASC LIMIT ?[0m  [["LIMIT", 1]]
  [1m[36mPost Load (0.2ms)[0m  [1m[34mSELECT "posts".* FROM "posts" LEFT OUTER JOIN "comments" ON "comments"."post_id" = "posts"."id" /* loading for pp */ LIMIT ?[0m  [["LIMIT", 11]]
  [1m[36mPost Load (0.2ms)[0m  [1m[34mSELECT "posts".* FROM "posts" LEFT OUTER JOIN "comments" ON "comments"."post_id" = "posts"."id" ORDER BY "posts"."id" ASC LIMIT ?[0m  [["LIMIT", 1]]
  [1m[35m (0.3ms)[0m  [1m[34m
    SELECT posts.id, posts.title, comments.id AS comment_id
    FROM posts
    LEFT JOIN comments ON comments.post_id = posts.id
    LIMIT 3
  [0m
  [1m[36mPost Load (5.4ms)[0m  [1m[34mSELECT "posts".* FROM "posts" LEFT OUTER JOIN "comments" ON "comments"."post_id" = "posts"."id" GROUP BY "posts"."id" /* loading for pp */ LIMIT ?[0m  [["LIMIT", 11]]
  [1m[36mPost Load (0.1ms)[0m  [1m[34mSELECT "posts".* FROM "posts" LEFT OUTER JOIN "comments" ON "comments"."post_id" = "posts"."id" /* loading for pp */ LIMIT ?[0m  [["LIMIT", 11]]
  [1m[36mPost Load (0.1ms)[0m  [1m[34mSELECT "posts".* FROM "posts" LEFT OUTER JOIN "comments" ON "comments"."post_id" = "posts"."id" ORDER BY "posts"."id" ASC LIMIT ?[0m  [["LIMIT", 1]]
  [1m[36mPost Load (0.3ms)[0m  [1m[34mSELECT "posts".* FROM "posts" LEFT OUTER JOIN "comments" ON "comments"."post_id" = "posts"."id" GROUP BY "posts"."id" ORDER BY "posts"."id" ASC LIMIT ?[0m  [["LIMIT", 1]]
  [1m[36mTRANSACTION (0.1ms)[0m  [1m[36mbegin transaction[0m
  [1m[36mPost Load (0.4ms)[0m  [1m[34mSELECT "posts".* FROM "posts" WHERE "posts"."id" = ? LIMIT ?[0m  [["id", 1], ["LIMIT", 1]]
  [1m[36mUser Load (0.4ms)[0m  [1m[34mSELECT "users".* FROM "users" WHERE "users"."id" = ? LIMIT ?[0m  [["id", 1], ["LIMIT", 1]]
  [1m[36mComment Create (1.2ms)[0m  [1m[32mINSERT INTO "comments" ("body", "post_id", "user_id", "created_at", "updated_at") VALUES (?, ?, ?, ?, ?) RETURNING "id"[0m  [["body", "Another comment"], ["post_id", 1], ["user_id", 1], ["created_at", "2026-03-13 00:56:22.658983"], ["updated_at", "2026-03-13 00:56:22.658983"]]
  [1m[36mTRANSACTION (0.1ms)[0m  [1m[36mcommit transaction[0m
  [1m[36mPost Count (3.0ms)[0m  [1m[34mSELECT COUNT(*) FROM "posts" LEFT OUTER JOIN "comments" ON "comments"."post_id" = "posts"."id" WHERE (posts.id = 1)[0m
  [1m[36mPost Load (0.4ms)[0m  [1m[34mSELECT "posts".* FROM "posts" LEFT OUTER JOIN "comments" ON "comments"."post_id" = "posts"."id" WHERE (posts.id = 1) /* loading for pp */ LIMIT ?[0m  [["LIMIT", 11]]
  [1m[36mPost Count (0.2ms)[0m  [1m[34mSELECT COUNT(*) AS "count_all", "posts"."id" AS "posts_id" FROM "posts" LEFT OUTER JOIN "comments" ON "comments"."post_id" = "posts"."id" GROUP BY "posts"."id"[0m
  [1m[36mPost Count (0.2ms)[0m  [1m[34mSELECT COUNT(*) AS "count_all", "posts"."id" AS "posts_id" FROM "posts" LEFT OUTER JOIN "comments" ON "comments"."post_id" = "posts"."id" WHERE (posts.id = 1) GROUP BY "posts"."id"[0m
  [1m[36mPost Count (0.1ms)[0m  [1m[34mSELECT COUNT(*) FROM "posts" LEFT OUTER JOIN "comments" ON "comments"."post_id" = "posts"."id" WHERE (posts.id = 1)[0m
  [1m[36mUser Load (0.1ms)[0m  [1m[34mSELECT "users".* FROM "users" ORDER BY "users"."id" ASC LIMIT ?[0m  [["LIMIT", 1]]
  [1m[36mPost Load (0.2ms)[0m  [1m[34mSELECT "posts".* FROM "posts" WHERE "posts"."user_id" = ? /* loading for pp */ LIMIT ?[0m  [["user_id", 1], ["LIMIT", 11]]
  [1m[36mPost Count (0.3ms)[0m  [1m[34mSELECT COUNT(*) FROM "posts" WHERE "posts"."user_id" = ?[0m  [["user_id", 1]]
  [1m[36mPost Load (0.3ms)[0m  [1m[34mSELECT "posts".* FROM "posts" WHERE "posts"."user_id" = ? AND "posts"."status" = ? /* loading for pp */ LIMIT ?[0m  [["user_id", 1], ["status", "published"], ["LIMIT", 11]]
  [1m[36mPost Load (0.1ms)[0m  [1m[34mSELECT "posts".* FROM "posts" WHERE "posts"."user_id" = ? AND "posts"."status" = ? /* loading for pp */ LIMIT ?[0m  [["user_id", 1], ["status", "draft"], ["LIMIT", 11]]
  [1m[36mPost Load (0.2ms)[0m  [1m[34mSELECT "posts".* FROM "posts" WHERE "posts"."user_id" = ?[0m  [["user_id", 1]]
  [1m[36mPost Load (0.2ms)[0m  [1m[34mSELECT "posts".* FROM "posts" INNER JOIN "comments" ON "comments"."post_id" = "posts"."id" WHERE "posts"."user_id" = ? /* loading for pp */ LIMIT ?[0m  [["user_id", 1], ["LIMIT", 11]]
  [1m[36mPost Count (0.3ms)[0m  [1m[34mSELECT COUNT(*) FROM "posts" INNER JOIN "comments" ON "comments"."post_id" = "posts"."id" WHERE "posts"."user_id" = ?[0m  [["user_id", 1]]
  [1m[36mPost Load (0.2ms)[0m  [1m[34mSELECT "posts".* FROM "posts" WHERE "posts"."user_id" = ?[0m  [["user_id", 1]]
  [1m[36mPost Load (0.1ms)[0m  [1m[34mSELECT "posts".* FROM "posts" WHERE "posts"."user_id" = ?[0m  [["user_id", 1]]
  [1m[36mPost Load (0.4ms)[0m  [1m[34mSELECT "posts".* FROM "posts" INNER JOIN "comments" ON "comments"."post_id" = "posts"."id" WHERE "posts"."user_id" = ? GROUP BY "posts"."id" /* loading for pp */ LIMIT ?[0m  [["user_id", 1], ["LIMIT", 11]]
  [1m[36mPost Load (0.7ms)[0m  [1m[34mSELECT posts.*,COUNT(comment.id) as comment_count FROM "posts" INNER JOIN "comments" ON "comments"."post_id" = "posts"."id" WHERE "posts"."user_id" = ? GROUP BY "posts"."id" /* loading for pp */ LIMIT ?[0m  [["user_id", 1], ["LIMIT", 11]]
  [1m[36mPost Load (0.4ms)[0m  [1m[34mSELECT posts.*,COUNT(comment.id) as comment_count FROM "posts" INNER JOIN "comments" ON "comments"."post_id" = "posts"."id" WHERE "posts"."user_id" = ? GROUP BY "posts"."id" /* loading for pp */ LIMIT ?[0m  [["user_id", 1], ["LIMIT", 11]]
  [1m[36mPost Load (0.4ms)[0m  [1m[34mSELECT posts.*,COUNT(comments.id) as comment_count FROM "posts" INNER JOIN "comments" ON "comments"."post_id" = "posts"."id" WHERE "posts"."user_id" = ? GROUP BY "posts"."id" /* loading for pp */ LIMIT ?[0m  [["user_id", 1], ["LIMIT", 11]]
  [1m[36mPost Load (0.4ms)[0m  [1m[34mSELECT posts.*,COUNT(comments.id) as comment_count FROM "posts" INNER JOIN "comments" ON "comments"."post_id" = "posts"."id" WHERE "posts"."user_id" = ? GROUP BY "posts"."id" /* loading for pp */ LIMIT ?[0m  [["user_id", 1], ["LIMIT", 11]]
  [1m[36mPost Load (0.3ms)[0m  [1m[34mSELECT posts.*,COUNT(comments.id) as comment_count FROM "posts" INNER JOIN "comments" ON "comments"."post_id" = "posts"."id" WHERE "posts"."user_id" = ? GROUP BY "posts"."id" /* loading for pp */ LIMIT ?[0m  [["user_id", 1], ["LIMIT", 11]]
  [1m[36mPost Load (0.4ms)[0m  [1m[34mSELECT posts.*,COUNT(comments.id) as comment_count FROM "posts" LEFT OUTER JOIN "comments" ON "comments"."post_id" = "posts"."id" WHERE "posts"."user_id" = ? GROUP BY "posts"."id" /* loading for pp */ LIMIT ?[0m  [["user_id", 1], ["LIMIT", 11]]
  [1m[36mPost Load (0.3ms)[0m  [1m[34mSELECT posts.*,COUNT(comments.id) as comment_count FROM "posts" LEFT OUTER JOIN "comments" ON "comments"."post_id" = "posts"."id" WHERE "posts"."user_id" = ? GROUP BY "posts"."id" ORDER BY "posts"."id" ASC LIMIT ?[0m  [["user_id", 1], ["LIMIT", 1]]
  [1m[36mPost Count (0.3ms)[0m  [1m[34mSELECT COUNT(*) FROM "posts" INNER JOIN "comments" ON "comments"."post_id" = "posts"."id" WHERE "posts"."user_id" = ?[0m  [["user_id", 1]]
